Using pre-set license
Built from '2022.3/staging' branch; Version is '2022.3.11f1 (d00248457e15) revision 13632072'; Using compiler version '192829333'; Build Type 'Release'
OS: 'Windows 11  (10.0.22621) 64bit Professional' Language: 'en' Physical Memory: 64672 MB
BatchMode: 1, IsHumanControllingUs: 0, StartBugReporterOnCrash: 0, Is64bit: 1, IsPro: 1

COMMAND LINE ARGUMENTS:
D:\2022.3.11f1\Editor\Unity.exe
-adb2
-batchMode
-noUpm
-name
AssetImportWorker7
-projectPath
E:/Unity Projects/Game-Jam-2024/Game Jam 2024
-logFile
Logs/AssetImportWorker7.log
-srvPort
59550
Successfully changed project path to: E:/Unity Projects/Game-Jam-2024/Game Jam 2024
E:/Unity Projects/Game-Jam-2024/Game Jam 2024
[UnityMemory] Configuration Parameters - Can be set up in boot.config
    "memorysetup-bucket-allocator-granularity=16"
    "memorysetup-bucket-allocator-bucket-count=8"
    "memorysetup-bucket-allocator-block-size=33554432"
    "memorysetup-bucket-allocator-block-count=8"
    "memorysetup-main-allocator-block-size=16777216"
    "memorysetup-thread-allocator-block-size=16777216"
    "memorysetup-gfx-main-allocator-block-size=16777216"
    "memorysetup-gfx-thread-allocator-block-size=16777216"
    "memorysetup-cache-allocator-block-size=4194304"
    "memorysetup-typetree-allocator-block-size=2097152"
    "memorysetup-profiler-bucket-allocator-granularity=16"
    "memorysetup-profiler-bucket-allocator-bucket-count=8"
    "memorysetup-profiler-bucket-allocator-block-size=33554432"
    "memorysetup-profiler-bucket-allocator-block-count=8"
    "memorysetup-profiler-allocator-block-size=16777216"
    "memorysetup-profiler-editor-allocator-block-size=1048576"
    "memorysetup-temp-allocator-size-main=16777216"
    "memorysetup-job-temp-allocator-block-size=2097152"
    "memorysetup-job-temp-allocator-block-size-background=1048576"
    "memorysetup-job-temp-allocator-reduction-small-platforms=262144"
    "memorysetup-allocator-temp-initial-block-size-main=262144"
    "memorysetup-allocator-temp-initial-block-size-worker=262144"
    "memorysetup-temp-allocator-size-background-worker=32768"
    "memorysetup-temp-allocator-size-job-worker=262144"
    "memorysetup-temp-allocator-size-preload-manager=33554432"
    "memorysetup-temp-allocator-size-nav-mesh-worker=65536"
    "memorysetup-temp-allocator-size-audio-worker=65536"
    "memorysetup-temp-allocator-size-cloud-worker=32768"
    "memorysetup-temp-allocator-size-gi-baking-worker=262144"
    "memorysetup-temp-allocator-size-gfx=262144"
Player connection [8156] Host "[IP] 192.168.2.29 [Port] 0 [Flags] 2 [Guid] 2897978445 [EditorId] 2897978445 [Version] 1048832 [Id] WindowsEditor(7,DeansPC) [Debug] 1 [PackageName] WindowsEditor [ProjectName] Editor" joined multi-casting on [225.0.0.222:54997]...

Player connection [8156] Host "[IP] 192.168.2.29 [Port] 0 [Flags] 2 [Guid] 2897978445 [EditorId] 2897978445 [Version] 1048832 [Id] WindowsEditor(7,DeansPC) [Debug] 1 [PackageName] WindowsEditor [ProjectName] Editor" joined alternative multi-casting on [225.0.0.222:34997]...

[Physics::Module] Initialized MultithreadedJobDispatcher with 31 workers.
Refreshing native plugins compatible for Editor in 4.08 ms, found 3 plugins.
Preloading 0 native plugins for Editor in 0.00 ms.
Initialize engine version: 2022.3.11f1 (d00248457e15)
[Subsystems] Discovering subsystems at path D:/2022.3.11f1/Editor/Data/Resources/UnitySubsystems
[Subsystems] Discovering subsystems at path E:/Unity Projects/Game-Jam-2024/Game Jam 2024/Assets
GfxDevice: creating device client; threaded=0; jobified=0
Direct3D:
    Version:  Direct3D 11.0 [level 11.1]
    Renderer: AMD Radeon RX 7900 XTX (ID=0x744c)
    Vendor:   ATI
    VRAM:     24515 MB
    Driver:   31.0.21029.6002
Initialize mono
Mono path[0] = 'D:/2022.3.11f1/Editor/Data/Managed'
Mono path[1] = 'D:/2022.3.11f1/Editor/Data/MonoBleedingEdge/lib/mono/unityjit-win32'
Mono config path = 'D:/2022.3.11f1/Editor/Data/MonoBleedingEdge/etc'
Using monoOptions --debugger-agent=transport=dt_socket,embedding=1,server=y,suspend=n,address=127.0.0.1:56892
Begin MonoManager ReloadAssembly
Registering precompiled unity dll's ...
Register platform support module: D:/2022.3.11f1/Editor/Data/PlaybackEngines/WindowsStandaloneSupport/UnityEditor.WindowsStandalone.Extensions.dll
Registered in 0.002423 seconds.
- Loaded All Assemblies, in  0.220 seconds
Native extension for WindowsStandalone target not found
Mono: successfully reloaded assembly
- Finished resetting the current domain, in  0.170 seconds
Domain Reload Profiling: 390ms
	BeginReloadAssembly (88ms)
		ExecutionOrderSort (0ms)
		DisableScriptedObjects (0ms)
		BackupInstance (0ms)
		ReleaseScriptingObjects (0ms)
		CreateAndSetChildDomain (0ms)
	RebuildCommonClasses (19ms)
	RebuildNativeTypeToScriptingClass (6ms)
	initialDomainReloadingComplete (28ms)
	LoadAllAssembliesAndSetupDomain (78ms)
		LoadAssemblies (88ms)
		RebuildTransferFunctionScriptingTraits (0ms)
		AnalyzeDomain (77ms)
			TypeCache.Refresh (76ms)
				TypeCache.ScanAssembly (68ms)
			ScanForSourceGeneratedMonoScriptInfo (0ms)
			ResolveRequiredComponents (0ms)
	FinalizeReload (171ms)
		ReleaseScriptCaches (0ms)
		RebuildScriptCaches (0ms)
		SetupLoadedEditorAssemblies (130ms)
			LogAssemblyErrors (0ms)
			InitializePlatformSupportModulesInManaged (5ms)
			SetLoadedEditorAssemblies (5ms)
			RefreshPlugins (0ms)
			BeforeProcessingInitializeOnLoad (1ms)
			ProcessInitializeOnLoadAttributes (85ms)
			ProcessInitializeOnLoadMethodAttributes (34ms)
			AfterProcessingInitializeOnLoad (0ms)
			EditorAssembliesLoaded (0ms)
		ExecutionOrderSort2 (0ms)
		AwakeInstancesAfterBackupRestoration (0ms)
========================================================================
Worker process is ready to serve import requests
Begin MonoManager ReloadAssembly
- Loaded All Assemblies, in  0.385 seconds
Refreshing native plugins compatible for Editor in 1.30 ms, found 3 plugins.
Native extension for WindowsStandalone target not found
Package Manager log level set to [2]
[Package Manager] Server::EnsureServerProcessIsRunning -- launch failed, reason: Unity was launched with the -noUpm command-line argument
[Package Manager] UpmClient::Send -- Unable to send message (not connected to UPM process).
[Package Manager] Cannot connect to Unity Package Manager local server
Mono: successfully reloaded assembly
- Finished resetting the current domain, in  0.309 seconds
Domain Reload Profiling: 694ms
	BeginReloadAssembly (109ms)
		ExecutionOrderSort (0ms)
		DisableScriptedObjects (3ms)
		BackupInstance (0ms)
		ReleaseScriptingObjects (0ms)
		CreateAndSetChildDomain (19ms)
	RebuildCommonClasses (20ms)
	RebuildNativeTypeToScriptingClass (6ms)
	initialDomainReloadingComplete (21ms)
	LoadAllAssembliesAndSetupDomain (229ms)
		LoadAssemblies (195ms)
		RebuildTransferFunctionScriptingTraits (0ms)
		AnalyzeDomain (101ms)
			TypeCache.Refresh (89ms)
				TypeCache.ScanAssembly (80ms)
			ScanForSourceGeneratedMonoScriptInfo (9ms)
			ResolveRequiredComponents (2ms)
	FinalizeReload (309ms)
		ReleaseScriptCaches (0ms)
		RebuildScriptCaches (0ms)
		SetupLoadedEditorAssemblies (227ms)
			LogAssemblyErrors (0ms)
			InitializePlatformSupportModulesInManaged (3ms)
			SetLoadedEditorAssemblies (3ms)
			RefreshPlugins (0ms)
			BeforeProcessingInitializeOnLoad (31ms)
			ProcessInitializeOnLoadAttributes (178ms)
			ProcessInitializeOnLoadMethodAttributes (12ms)
			AfterProcessingInitializeOnLoad (1ms)
			EditorAssembliesLoaded (0ms)
		ExecutionOrderSort2 (0ms)
		AwakeInstancesAfterBackupRestoration (4ms)
Launched and connected shader compiler UnityShaderCompiler.exe after 0.04 seconds
Refreshing native plugins compatible for Editor in 1.12 ms, found 3 plugins.
Preloading 0 native plugins for Editor in 0.00 ms.
Unloading 3102 Unused Serialized files (Serialized files now loaded: 0)
Unloading 34 unused Assets / (57.0 KB). Loaded Objects now: 3580.
Memory consumption went from 131.7 MB to 131.7 MB.
Total: 2.062100 ms (FindLiveObjects: 0.174800 ms CreateObjectMapping: 0.039600 ms MarkObjects: 1.770800 ms  DeleteObjects: 0.075900 ms)

AssetImportParameters requested are different than current active one (requested -> active):
  custom:container-demuxer-ogg: 62fdf1f143b41e24485cea50d1cbac27 -> 
  custom:video-codec-MediaFoundation-h265: 746d11721c4dcdbdad8f713fa42b33f4 -> 
  custom:video-decoder-ogg-theora: a1e56fd34408186e4bbccfd4996cb3dc -> 
  custom:framework-win-MediaFoundation: 216162199b28c13a410421893ffa2e32 -> 
  custom:CustomObjectIndexerAttribute: 756ad292c208cfabdd7b50bc23989ffe -> 
  custom:container-demuxer-webm: 4f35f7cbe854078d1ac9338744f61a02 -> 
  custom:container-muxer-webm: aa71ff27fc2769a1b78a27578f13a17b -> 
  custom:video-decoder-webm-vp8: 9c59270c3fd7afecdb556c50c9e8de78 -> 
  custom:SearchIndexIgnoredProperties: e643bd26f0fe6173181afceb89e7c659 -> 
  custom:AudioImporter_EditorPlatform: d09bf68614088b80899f8185d706f6e7 -> 
  custom:video-encoder-webm-vp8: eb34c28f22e8b96e1ab97ce403110664 -> 
  custom:audio-decoder-ogg-vorbis: bf7c407c2cedff20999df2af8eb42d56 -> 
  custom:audio-encoder-webm-vorbis: bf7c407c2cedff20999df2af8eb42d56 -> 
========================================================================
Received Import Request.
  Time since last request: 116111.935149 seconds.
  path: Assets/Backrooms/BackroomsLikeAsset/prefab/Tiles/Tiles_+Corner_02_D.prefab
  artifactKey: Guid(a3f97c84b9c482241a557d3615491865) Importer(815301076,1909f56bfc062723c751e8b465ee728b)
Start importing Assets/Backrooms/BackroomsLikeAsset/prefab/Tiles/Tiles_+Corner_02_D.prefab using Guid(a3f97c84b9c482241a557d3615491865) Importer(815301076,1909f56bfc062723c751e8b465ee728b)  -> (artifact id: 'f3322c575935b5ab053fea8a12211e02') in 0.110416 seconds
Number of updated asset objects reloaded before import = 0
Number of asset objects unloaded after import = 25
========================================================================
Received Import Request.
  Time since last request: 0.000014 seconds.
  path: Assets/Backrooms/BackroomsLikeAsset/prefab/Tiles/Tiles_BasicSide_02_D.prefab
  artifactKey: Guid(ecffc8a132c037d43855f4d6d4e53b00) Importer(815301076,1909f56bfc062723c751e8b465ee728b)
Start importing Assets/Backrooms/BackroomsLikeAsset/prefab/Tiles/Tiles_BasicSide_02_D.prefab using Guid(ecffc8a132c037d43855f4d6d4e53b00) Importer(815301076,1909f56bfc062723c751e8b465ee728b)  -> (artifact id: '190eb443c299ab83c68e7541bc552bc8') in 0.027573 seconds
Number of updated asset objects reloaded before import = 0
Number of asset objects unloaded after import = 25
========================================================================
Received Import Request.
  Time since last request: 0.000017 seconds.
  path: Assets/Backrooms/BackroomsLikeAsset/prefab/Tiles/Tiles_BasicCorner_02_B.prefab
  artifactKey: Guid(df2006c24fa0c0a489913711ec5814c3) Importer(815301076,1909f56bfc062723c751e8b465ee728b)
Start importing Assets/Backrooms/BackroomsLikeAsset/prefab/Tiles/Tiles_BasicCorner_02_B.prefab using Guid(df2006c24fa0c0a489913711ec5814c3) Importer(815301076,1909f56bfc062723c751e8b465ee728b)  -> (artifact id: 'f02b28b28c424778e16e764adab8ec6b') in 0.027135 seconds
Number of updated asset objects reloaded before import = 0
Number of asset objects unloaded after import = 25
========================================================================
Received Import Request.
  Time since last request: 0.000024 seconds.
  path: Assets/Backrooms/BackroomsLikeAsset/prefab/Tiles/Tiles_BasicCorner_01_A.prefab
  artifactKey: Guid(a9d17aa2e1c8d684db0d8b211e846b11) Importer(815301076,1909f56bfc062723c751e8b465ee728b)
Start importing Assets/Backrooms/BackroomsLikeAsset/prefab/Tiles/Tiles_BasicCorner_01_A.prefab using Guid(a9d17aa2e1c8d684db0d8b211e846b11) Importer(815301076,1909f56bfc062723c751e8b465ee728b)  -> (artifact id: 'c83012b7bd425ec463bf109f2c1ec5a3') in 0.027940 seconds
Number of updated asset objects reloaded before import = 0
Number of asset objects unloaded after import = 25
========================================================================
Received Import Request.
  Time since last request: 0.000016 seconds.
  path: Assets/Backrooms/BackroomsLikeAsset/prefab/Tiles/Tiles_+Side_01_B.prefab
  artifactKey: Guid(847ff4a30a8f09343ba3d34b57ca3b3e) Importer(815301076,1909f56bfc062723c751e8b465ee728b)
Start importing Assets/Backrooms/BackroomsLikeAsset/prefab/Tiles/Tiles_+Side_01_B.prefab using Guid(847ff4a30a8f09343ba3d34b57ca3b3e) Importer(815301076,1909f56bfc062723c751e8b465ee728b)  -> (artifact id: 'fdca31d2fb50bf3f9d19fedf3ece54db') in 0.015059 seconds
Number of updated asset objects reloaded before import = 0
Number of asset objects unloaded after import = 25
========================================================================
Received Import Request.
  Time since last request: 0.000016 seconds.
  path: Assets/Backrooms/BackroomsLikeAsset/prefab/Tiles/Tiles_+Room_HoleCeiling_01_C.prefab
  artifactKey: Guid(12046498d3f852e4cae48a6bd4dc6e9c) Importer(815301076,1909f56bfc062723c751e8b465ee728b)
Start importing Assets/Backrooms/BackroomsLikeAsset/prefab/Tiles/Tiles_+Room_HoleCeiling_01_C.prefab using Guid(12046498d3f852e4cae48a6bd4dc6e9c) Importer(815301076,1909f56bfc062723c751e8b465ee728b)  -> (artifact id: 'e619d471c66bb39d43133c5f5c926543') in 0.021216 seconds
Number of updated asset objects reloaded before import = 0
Number of asset objects unloaded after import = 29
========================================================================
Received Import Request.
  Time since last request: 0.000013 seconds.
  path: Assets/Backrooms/BackroomsLikeAsset/prefab/Tiles/Tiles_+Room_HoleCeiling_01_A.prefab
  artifactKey: Guid(d747ed6ba5f70954bbdb7dfb4d21758a) Importer(815301076,1909f56bfc062723c751e8b465ee728b)
Start importing Assets/Backrooms/BackroomsLikeAsset/prefab/Tiles/Tiles_+Room_HoleCeiling_01_A.prefab using Guid(d747ed6ba5f70954bbdb7dfb4d21758a) Importer(815301076,1909f56bfc062723c751e8b465ee728b)  -> (artifact id: '6e1ef446ae4b4cf55cec84a7ec219da7') in 0.029137 seconds
Number of updated asset objects reloaded before import = 0
Number of asset objects unloaded after import = 29
========================================================================
Received Import Request.
  Time since last request: 0.000039 seconds.
  path: Assets/Backrooms/BackroomsLikeAsset/prefab/Tiles/Tiles_T+Side_04_C.prefab
  artifactKey: Guid(2a9b2166e2e8152408c89ddb9713e9c5) Importer(815301076,1909f56bfc062723c751e8b465ee728b)
Start importing Assets/Backrooms/BackroomsLikeAsset/prefab/Tiles/Tiles_T+Side_04_C.prefab using Guid(2a9b2166e2e8152408c89ddb9713e9c5) Importer(815301076,1909f56bfc062723c751e8b465ee728b)  -> (artifact id: 'd0bf7ea61ad0dc4ff1fbdfb92ca765e9') in 0.029634 seconds
Number of updated asset objects reloaded before import = 0
Number of asset objects unloaded after import = 25
========================================================================
Received Import Request.
  Time since last request: 0.000026 seconds.
  path: Assets/Backrooms/BackroomsLikeAsset/prefab/Tiles/Tiles_T+Side_03_D.prefab
  artifactKey: Guid(ad8cf7da37f06024e905886f7ea0176d) Importer(815301076,1909f56bfc062723c751e8b465ee728b)
Start importing Assets/Backrooms/BackroomsLikeAsset/prefab/Tiles/Tiles_T+Side_03_D.prefab using Guid(ad8cf7da37f06024e905886f7ea0176d) Importer(815301076,1909f56bfc062723c751e8b465ee728b)  -> (artifact id: 'd870b85b66f3c763179693d352c0f58f') in 0.017182 seconds
Number of updated asset objects reloaded before import = 0
Number of asset objects unloaded after import = 25
========================================================================
Received Import Request.
  Time since last request: 0.761426 seconds.
  path: Assets/Backrooms/BackroomsLikeAsset/prefab/Tiles/Tiles_TCorner_03_A.prefab
  artifactKey: Guid(a468506b03db2a1448898e65346602d7) Importer(815301076,1909f56bfc062723c751e8b465ee728b)
Start importing Assets/Backrooms/BackroomsLikeAsset/prefab/Tiles/Tiles_TCorner_03_A.prefab using Guid(a468506b03db2a1448898e65346602d7) Importer(815301076,1909f56bfc062723c751e8b465ee728b)  -> (artifact id: '19ff4a48821726054c915312035dd034') in 0.029385 seconds
Number of updated asset objects reloaded before import = 0
Number of asset objects unloaded after import = 25
========================================================================
Received Import Request.
  Time since last request: 0.000024 seconds.
  path: Assets/Backrooms/BackroomsLikeAsset/prefab/Tiles/Tiles_TCorner_03_B.prefab
  artifactKey: Guid(db7e5e0d5b0edd24c8a7445b3cdce59e) Importer(815301076,1909f56bfc062723c751e8b465ee728b)
Start importing Assets/Backrooms/BackroomsLikeAsset/prefab/Tiles/Tiles_TCorner_03_B.prefab using Guid(db7e5e0d5b0edd24c8a7445b3cdce59e) Importer(815301076,1909f56bfc062723c751e8b465ee728b)  -> (artifact id: '107f5147601d440d93d9ce1b80a07130') in 0.031156 seconds
Number of updated asset objects reloaded before import = 0
Number of asset objects unloaded after import = 25
========================================================================
Received Import Request.
  Time since last request: 0.000013 seconds.
  path: Assets/Backrooms/BackroomsLikeAsset/prefab/Tiles/Tiles_TStairs_02_A.prefab
  artifactKey: Guid(96de781a42b5799439076047069d98ad) Importer(815301076,1909f56bfc062723c751e8b465ee728b)
Start importing Assets/Backrooms/BackroomsLikeAsset/prefab/Tiles/Tiles_TStairs_02_A.prefab using Guid(96de781a42b5799439076047069d98ad) Importer(815301076,1909f56bfc062723c751e8b465ee728b)  -> (artifact id: 'aa012d9d697f047bf081f5538246c4c9') in 0.014737 seconds
Number of updated asset objects reloaded before import = 0
Number of asset objects unloaded after import = 25
========================================================================
Received Import Request.
  Time since last request: 0.000028 seconds.
  path: Assets/Backrooms/BackroomsLikeAsset/prefab/Tiles/Tiles_TCorner_03_C.prefab
  artifactKey: Guid(1bbec5739b322ca49be0f74f3a8d8ffb) Importer(815301076,1909f56bfc062723c751e8b465ee728b)
Start importing Assets/Backrooms/BackroomsLikeAsset/prefab/Tiles/Tiles_TCorner_03_C.prefab using Guid(1bbec5739b322ca49be0f74f3a8d8ffb) Importer(815301076,1909f56bfc062723c751e8b465ee728b)  -> (artifact id: 'af934e887dad3ba977a634ea7aa16f97') in 0.029079 seconds
Number of updated asset objects reloaded before import = 0
Number of asset objects unloaded after import = 25
Editor requested this worker to shutdown with reason: Scaling down because of idle timeout
TcpMessagingSession - receive error: operation aborted. errorcode: 995, details: The I/O operation has been aborted because of either a thread exit or an application request.
AssetImportWorker is now disconnected from the server
Process exiting
Exiting without the bug reporter. Application will terminate with return code 0