Using pre-set license
Built from '2022.3/staging' branch; Version is '2022.3.11f1 (d00248457e15) revision 13632072'; Using compiler version '192829333'; Build Type 'Release'
OS: 'Windows 11  (10.0.22621) 64bit Professional' Language: 'en' Physical Memory: 64672 MB
BatchMode: 1, IsHumanControllingUs: 0, StartBugReporterOnCrash: 0, Is64bit: 1, IsPro: 1

COMMAND LINE ARGUMENTS:
D:\2022.3.11f1\Editor\Unity.exe
-adb2
-batchMode
-noUpm
-name
AssetImportWorker2
-projectPath
E:/Unity Projects/Game-Jam-2024/Game Jam 2024
-logFile
Logs/AssetImportWorker2.log
-srvPort
59550
Successfully changed project path to: E:/Unity Projects/Game-Jam-2024/Game Jam 2024
E:/Unity Projects/Game-Jam-2024/Game Jam 2024
[UnityMemory] Configuration Parameters - Can be set up in boot.config
    "memorysetup-bucket-allocator-granularity=16"
    "memorysetup-bucket-allocator-bucket-count=8"
    "memorysetup-bucket-allocator-block-size=33554432"
    "memorysetup-bucket-allocator-block-count=8"
    "memorysetup-main-allocator-block-size=16777216"
    "memorysetup-thread-allocator-block-size=16777216"
    "memorysetup-gfx-main-allocator-block-size=16777216"
    "memorysetup-gfx-thread-allocator-block-size=16777216"
    "memorysetup-cache-allocator-block-size=4194304"
    "memorysetup-typetree-allocator-block-size=2097152"
    "memorysetup-profiler-bucket-allocator-granularity=16"
    "memorysetup-profiler-bucket-allocator-bucket-count=8"
    "memorysetup-profiler-bucket-allocator-block-size=33554432"
    "memorysetup-profiler-bucket-allocator-block-count=8"
    "memorysetup-profiler-allocator-block-size=16777216"
    "memorysetup-profiler-editor-allocator-block-size=1048576"
    "memorysetup-temp-allocator-size-main=16777216"
    "memorysetup-job-temp-allocator-block-size=2097152"
    "memorysetup-job-temp-allocator-block-size-background=1048576"
    "memorysetup-job-temp-allocator-reduction-small-platforms=262144"
    "memorysetup-allocator-temp-initial-block-size-main=262144"
    "memorysetup-allocator-temp-initial-block-size-worker=262144"
    "memorysetup-temp-allocator-size-background-worker=32768"
    "memorysetup-temp-allocator-size-job-worker=262144"
    "memorysetup-temp-allocator-size-preload-manager=33554432"
    "memorysetup-temp-allocator-size-nav-mesh-worker=65536"
    "memorysetup-temp-allocator-size-audio-worker=65536"
    "memorysetup-temp-allocator-size-cloud-worker=32768"
    "memorysetup-temp-allocator-size-gi-baking-worker=262144"
    "memorysetup-temp-allocator-size-gfx=262144"
Player connection [41980] Host "[IP] 192.168.2.29 [Port] 0 [Flags] 2 [Guid] 3030902251 [EditorId] 3030902251 [Version] 1048832 [Id] WindowsEditor(7,DeansPC) [Debug] 1 [PackageName] WindowsEditor [ProjectName] Editor" joined multi-casting on [225.0.0.222:54997]...

Player connection [41980] Host "[IP] 192.168.2.29 [Port] 0 [Flags] 2 [Guid] 3030902251 [EditorId] 3030902251 [Version] 1048832 [Id] WindowsEditor(7,DeansPC) [Debug] 1 [PackageName] WindowsEditor [ProjectName] Editor" joined alternative multi-casting on [225.0.0.222:34997]...

[Physics::Module] Initialized MultithreadedJobDispatcher with 31 workers.
Refreshing native plugins compatible for Editor in 4.43 ms, found 3 plugins.
Preloading 0 native plugins for Editor in 0.00 ms.
Initialize engine version: 2022.3.11f1 (d00248457e15)
[Subsystems] Discovering subsystems at path D:/2022.3.11f1/Editor/Data/Resources/UnitySubsystems
[Subsystems] Discovering subsystems at path E:/Unity Projects/Game-Jam-2024/Game Jam 2024/Assets
GfxDevice: creating device client; threaded=0; jobified=0
Direct3D:
    Version:  Direct3D 11.0 [level 11.1]
    Renderer: AMD Radeon RX 7900 XTX (ID=0x744c)
    Vendor:   ATI
    VRAM:     24515 MB
    Driver:   31.0.21029.6002
Initialize mono
Mono path[0] = 'D:/2022.3.11f1/Editor/Data/Managed'
Mono path[1] = 'D:/2022.3.11f1/Editor/Data/MonoBleedingEdge/lib/mono/unityjit-win32'
Mono config path = 'D:/2022.3.11f1/Editor/Data/MonoBleedingEdge/etc'
Using monoOptions --debugger-agent=transport=dt_socket,embedding=1,server=y,suspend=n,address=127.0.0.1:56952
Begin MonoManager ReloadAssembly
Registering precompiled unity dll's ...
Register platform support module: D:/2022.3.11f1/Editor/Data/PlaybackEngines/WindowsStandaloneSupport/UnityEditor.WindowsStandalone.Extensions.dll
Registered in 0.002430 seconds.
- Loaded All Assemblies, in  0.196 seconds
Native extension for WindowsStandalone target not found
Mono: successfully reloaded assembly
- Finished resetting the current domain, in  0.159 seconds
Domain Reload Profiling: 356ms
	BeginReloadAssembly (66ms)
		ExecutionOrderSort (0ms)
		DisableScriptedObjects (0ms)
		BackupInstance (0ms)
		ReleaseScriptingObjects (0ms)
		CreateAndSetChildDomain (0ms)
	RebuildCommonClasses (18ms)
	RebuildNativeTypeToScriptingClass (7ms)
	initialDomainReloadingComplete (30ms)
	LoadAllAssembliesAndSetupDomain (75ms)
		LoadAssemblies (65ms)
		RebuildTransferFunctionScriptingTraits (0ms)
		AnalyzeDomain (74ms)
			TypeCache.Refresh (73ms)
				TypeCache.ScanAssembly (66ms)
			ScanForSourceGeneratedMonoScriptInfo (0ms)
			ResolveRequiredComponents (0ms)
	FinalizeReload (160ms)
		ReleaseScriptCaches (0ms)
		RebuildScriptCaches (0ms)
		SetupLoadedEditorAssemblies (123ms)
			LogAssemblyErrors (0ms)
			InitializePlatformSupportModulesInManaged (4ms)
			SetLoadedEditorAssemblies (5ms)
			RefreshPlugins (0ms)
			BeforeProcessingInitializeOnLoad (1ms)
			ProcessInitializeOnLoadAttributes (77ms)
			ProcessInitializeOnLoadMethodAttributes (36ms)
			AfterProcessingInitializeOnLoad (0ms)
			EditorAssembliesLoaded (0ms)
		ExecutionOrderSort2 (0ms)
		AwakeInstancesAfterBackupRestoration (0ms)
========================================================================
Worker process is ready to serve import requests
Begin MonoManager ReloadAssembly
- Loaded All Assemblies, in  0.370 seconds
Refreshing native plugins compatible for Editor in 1.30 ms, found 3 plugins.
Native extension for WindowsStandalone target not found
Package Manager log level set to [2]
[Package Manager] Server::EnsureServerProcessIsRunning -- launch failed, reason: Unity was launched with the -noUpm command-line argument
[Package Manager] UpmClient::Send -- Unable to send message (not connected to UPM process).
[Package Manager] Cannot connect to Unity Package Manager local server
Mono: successfully reloaded assembly
- Finished resetting the current domain, in  0.301 seconds
Domain Reload Profiling: 670ms
	BeginReloadAssembly (92ms)
		ExecutionOrderSort (0ms)
		DisableScriptedObjects (3ms)
		BackupInstance (0ms)
		ReleaseScriptingObjects (0ms)
		CreateAndSetChildDomain (16ms)
	RebuildCommonClasses (20ms)
	RebuildNativeTypeToScriptingClass (6ms)
	initialDomainReloadingComplete (23ms)
	LoadAllAssembliesAndSetupDomain (229ms)
		LoadAssemblies (169ms)
		RebuildTransferFunctionScriptingTraits (0ms)
		AnalyzeDomain (114ms)
			TypeCache.Refresh (101ms)
				TypeCache.ScanAssembly (92ms)
			ScanForSourceGeneratedMonoScriptInfo (9ms)
			ResolveRequiredComponents (2ms)
	FinalizeReload (301ms)
		ReleaseScriptCaches (0ms)
		RebuildScriptCaches (0ms)
		SetupLoadedEditorAssemblies (220ms)
			LogAssemblyErrors (0ms)
			InitializePlatformSupportModulesInManaged (2ms)
			SetLoadedEditorAssemblies (3ms)
			RefreshPlugins (0ms)
			BeforeProcessingInitializeOnLoad (32ms)
			ProcessInitializeOnLoadAttributes (169ms)
			ProcessInitializeOnLoadMethodAttributes (11ms)
			AfterProcessingInitializeOnLoad (1ms)
			EditorAssembliesLoaded (0ms)
		ExecutionOrderSort2 (0ms)
		AwakeInstancesAfterBackupRestoration (4ms)
Launched and connected shader compiler UnityShaderCompiler.exe after 0.03 seconds
Refreshing native plugins compatible for Editor in 1.20 ms, found 3 plugins.
Preloading 0 native plugins for Editor in 0.00 ms.
Unloading 3102 Unused Serialized files (Serialized files now loaded: 0)
Unloading 34 unused Assets / (57.0 KB). Loaded Objects now: 3580.
Memory consumption went from 131.7 MB to 131.7 MB.
Total: 2.125400 ms (FindLiveObjects: 0.203200 ms CreateObjectMapping: 0.041800 ms MarkObjects: 1.794000 ms  DeleteObjects: 0.085800 ms)

AssetImportParameters requested are different than current active one (requested -> active):
  custom:container-demuxer-ogg: 62fdf1f143b41e24485cea50d1cbac27 -> 
  custom:video-codec-MediaFoundation-h265: 746d11721c4dcdbdad8f713fa42b33f4 -> 
  custom:video-decoder-ogg-theora: a1e56fd34408186e4bbccfd4996cb3dc -> 
  custom:framework-win-MediaFoundation: 216162199b28c13a410421893ffa2e32 -> 
  custom:CustomObjectIndexerAttribute: 756ad292c208cfabdd7b50bc23989ffe -> 
  custom:container-demuxer-webm: 4f35f7cbe854078d1ac9338744f61a02 -> 
  custom:container-muxer-webm: aa71ff27fc2769a1b78a27578f13a17b -> 
  custom:video-decoder-webm-vp8: 9c59270c3fd7afecdb556c50c9e8de78 -> 
  custom:SearchIndexIgnoredProperties: e643bd26f0fe6173181afceb89e7c659 -> 
  custom:AudioImporter_EditorPlatform: d09bf68614088b80899f8185d706f6e7 -> 
  custom:video-encoder-webm-vp8: eb34c28f22e8b96e1ab97ce403110664 -> 
  custom:audio-decoder-ogg-vorbis: bf7c407c2cedff20999df2af8eb42d56 -> 
  custom:audio-encoder-webm-vorbis: bf7c407c2cedff20999df2af8eb42d56 -> 
========================================================================
Received Import Request.
  Time since last request: 116102.635011 seconds.
  path: Assets/Backrooms/BackroomsLikeAsset/material/Concrete_Mat.mat
  artifactKey: Guid(be6b289c9424bfc46b4587e487d65337) Importer(815301076,1909f56bfc062723c751e8b465ee728b)
Start importing Assets/Backrooms/BackroomsLikeAsset/material/Concrete_Mat.mat using Guid(be6b289c9424bfc46b4587e487d65337) Importer(815301076,1909f56bfc062723c751e8b465ee728b)  -> (artifact id: 'd667573780233149fae7b2cdafad6655') in 0.076033 seconds
Number of updated asset objects reloaded before import = 0
Number of asset objects unloaded after import = 4
========================================================================
Received Import Request.
  Time since last request: 5.765434 seconds.
  path: Assets/Backrooms/BackroomsLikeAsset/fbx/RoomTiles.fbx
  artifactKey: Guid(05323b62e9a5c4f43bf94c451c70c99f) Importer(815301076,1909f56bfc062723c751e8b465ee728b)
Start importing Assets/Backrooms/BackroomsLikeAsset/fbx/RoomTiles.fbx using Guid(05323b62e9a5c4f43bf94c451c70c99f) Importer(815301076,1909f56bfc062723c751e8b465ee728b)  -> (artifact id: 'c4235a0146efb1c8b696675b66dae192') in 0.629128 seconds
Number of updated asset objects reloaded before import = 0
Number of asset objects unloaded after import = 865
========================================================================
Received Import Request.
  Time since last request: 2.824088 seconds.
  path: Assets/Backrooms/BackroomsLikeAsset/prefab/Tiles/Tiles_+Corner_01_B.prefab
  artifactKey: Guid(9e035c055a4d74f4f85477a73227a785) Importer(815301076,1909f56bfc062723c751e8b465ee728b)
Start importing Assets/Backrooms/BackroomsLikeAsset/prefab/Tiles/Tiles_+Corner_01_B.prefab using Guid(9e035c055a4d74f4f85477a73227a785) Importer(815301076,1909f56bfc062723c751e8b465ee728b)  -> (artifact id: 'bdd01d3b9c11fe2c42a0849bdcc12a4e') in 0.016900 seconds
Number of updated asset objects reloaded before import = 0
Number of asset objects unloaded after import = 25
========================================================================
Received Import Request.
  Time since last request: 0.000015 seconds.
  path: Assets/Backrooms/BackroomsLikeAsset/prefab/Tiles/Tiles_BasicCorner_02_A.prefab
  artifactKey: Guid(c9cce6dbcf9788345b1ae4a8bcb3c417) Importer(815301076,1909f56bfc062723c751e8b465ee728b)
Start importing Assets/Backrooms/BackroomsLikeAsset/prefab/Tiles/Tiles_BasicCorner_02_A.prefab using Guid(c9cce6dbcf9788345b1ae4a8bcb3c417) Importer(815301076,1909f56bfc062723c751e8b465ee728b)  -> (artifact id: '087277818f22bafa26c3a46b8e5f6184') in 0.019535 seconds
Number of updated asset objects reloaded before import = 0
Number of asset objects unloaded after import = 25
========================================================================
Received Import Request.
  Time since last request: 0.000013 seconds.
  path: Assets/Backrooms/BackroomsLikeAsset/prefab/Tiles/Tiles_BasicCorner_05_C.prefab
  artifactKey: Guid(5b1f3fa50529ed84b9d1bab06a233301) Importer(815301076,1909f56bfc062723c751e8b465ee728b)
Start importing Assets/Backrooms/BackroomsLikeAsset/prefab/Tiles/Tiles_BasicCorner_05_C.prefab using Guid(5b1f3fa50529ed84b9d1bab06a233301) Importer(815301076,1909f56bfc062723c751e8b465ee728b)  -> (artifact id: 'dcb99207fb0eef642988f4af77d73656') in 0.016349 seconds
Number of updated asset objects reloaded before import = 0
Number of asset objects unloaded after import = 25
========================================================================
Received Import Request.
  Time since last request: 0.000034 seconds.
  path: Assets/Backrooms/BackroomsLikeAsset/prefab/Tiles/Tiles_BasicSide_02_B.prefab
  artifactKey: Guid(fc9e5b7ffaa34834ba6b58da671788ba) Importer(815301076,1909f56bfc062723c751e8b465ee728b)
Start importing Assets/Backrooms/BackroomsLikeAsset/prefab/Tiles/Tiles_BasicSide_02_B.prefab using Guid(fc9e5b7ffaa34834ba6b58da671788ba) Importer(815301076,1909f56bfc062723c751e8b465ee728b)  -> (artifact id: '1850d1690d44d9ca19c69c54d04f1e8b') in 0.024174 seconds
Number of updated asset objects reloaded before import = 0
Number of asset objects unloaded after import = 25
========================================================================
Received Import Request.
  Time since last request: 0.000013 seconds.
  path: Assets/Backrooms/BackroomsLikeAsset/prefab/Tiles/Tiles_+RoomEnd_01_D.prefab
  artifactKey: Guid(6bb77e66e4dc9a840bb4b7be7bf7c039) Importer(815301076,1909f56bfc062723c751e8b465ee728b)
Start importing Assets/Backrooms/BackroomsLikeAsset/prefab/Tiles/Tiles_+RoomEnd_01_D.prefab using Guid(6bb77e66e4dc9a840bb4b7be7bf7c039) Importer(815301076,1909f56bfc062723c751e8b465ee728b)  -> (artifact id: 'ebaf46e8abdcb31cb77f972e6de85e98') in 0.022757 seconds
Number of updated asset objects reloaded before import = 0
Number of asset objects unloaded after import = 25
========================================================================
Received Import Request.
  Time since last request: 0.000013 seconds.
  path: Assets/Backrooms/BackroomsLikeAsset/prefab/Tiles/Tiles_T+Side_03_B.prefab
  artifactKey: Guid(1893533709b6d804bb476400c8f727f6) Importer(815301076,1909f56bfc062723c751e8b465ee728b)
Start importing Assets/Backrooms/BackroomsLikeAsset/prefab/Tiles/Tiles_T+Side_03_B.prefab using Guid(1893533709b6d804bb476400c8f727f6) Importer(815301076,1909f56bfc062723c751e8b465ee728b)  -> (artifact id: 'fd5708922c3d500b0def87e93e9eabeb') in 0.016134 seconds
Number of updated asset objects reloaded before import = 0
Number of asset objects unloaded after import = 25
========================================================================
Received Import Request.
  Time since last request: 0.000016 seconds.
  path: Assets/Backrooms/BackroomsLikeAsset/prefab/Tiles/Tiles_BasicCorner_01_B.prefab
  artifactKey: Guid(194433cb7c10c944f8826fa04f42a9a7) Importer(815301076,1909f56bfc062723c751e8b465ee728b)
Start importing Assets/Backrooms/BackroomsLikeAsset/prefab/Tiles/Tiles_BasicCorner_01_B.prefab using Guid(194433cb7c10c944f8826fa04f42a9a7) Importer(815301076,1909f56bfc062723c751e8b465ee728b)  -> (artifact id: 'd3ae736efcebefdf369fc84394b0f085') in 0.025844 seconds
Number of updated asset objects reloaded before import = 0
Number of asset objects unloaded after import = 25
========================================================================
Received Import Request.
  Time since last request: 0.000022 seconds.
  path: Assets/Backrooms/BackroomsLikeAsset/prefab/Tiles/Tiles_01_Fill.prefab
  artifactKey: Guid(af6f0dd985c4f694eb989eb58bb1bc93) Importer(815301076,1909f56bfc062723c751e8b465ee728b)
Start importing Assets/Backrooms/BackroomsLikeAsset/prefab/Tiles/Tiles_01_Fill.prefab using Guid(af6f0dd985c4f694eb989eb58bb1bc93) Importer(815301076,1909f56bfc062723c751e8b465ee728b)  -> (artifact id: '92faf62b6c7e77662177c9c42c90368f') in 0.016142 seconds
Number of updated asset objects reloaded before import = 0
Number of asset objects unloaded after import = 17
========================================================================
Received Import Request.
  Time since last request: 0.000019 seconds.
  path: Assets/Backrooms/BackroomsLikeAsset/prefab/Tiles/Tiles_+Side_01_C.prefab
  artifactKey: Guid(ad3b541cf79f215488f0c8c1ba4db49a) Importer(815301076,1909f56bfc062723c751e8b465ee728b)
Start importing Assets/Backrooms/BackroomsLikeAsset/prefab/Tiles/Tiles_+Side_01_C.prefab using Guid(ad3b541cf79f215488f0c8c1ba4db49a) Importer(815301076,1909f56bfc062723c751e8b465ee728b)  -> (artifact id: '971263cb9b794224ab8ba193c15b46d4') in 0.020176 seconds
Number of updated asset objects reloaded before import = 0
Number of asset objects unloaded after import = 25
========================================================================
Received Import Request.
  Time since last request: 0.000034 seconds.
  path: Assets/Backrooms/BackroomsLikeAsset/prefab/Tiles/Tiles_+RoomEnd_01_B.prefab
  artifactKey: Guid(c039e0a7126fafb4ea781135df2504e8) Importer(815301076,1909f56bfc062723c751e8b465ee728b)
Start importing Assets/Backrooms/BackroomsLikeAsset/prefab/Tiles/Tiles_+RoomEnd_01_B.prefab using Guid(c039e0a7126fafb4ea781135df2504e8) Importer(815301076,1909f56bfc062723c751e8b465ee728b)  -> (artifact id: '7891d138aea9020a1626ecf0a916deb5') in 0.017843 seconds
Number of updated asset objects reloaded before import = 0
Number of asset objects unloaded after import = 25
========================================================================
Received Import Request.
  Time since last request: 0.000030 seconds.
  path: Assets/Backrooms/BackroomsLikeAsset/prefab/Tiles/Tiles_+Room_HoleFloor_01_B.prefab
  artifactKey: Guid(fea76dd923c4c2f48860e0087cadf980) Importer(815301076,1909f56bfc062723c751e8b465ee728b)
Start importing Assets/Backrooms/BackroomsLikeAsset/prefab/Tiles/Tiles_+Room_HoleFloor_01_B.prefab using Guid(fea76dd923c4c2f48860e0087cadf980) Importer(815301076,1909f56bfc062723c751e8b465ee728b)  -> (artifact id: 'bd26386f811f6161cf8257e27e387f86') in 0.018975 seconds
Number of updated asset objects reloaded before import = 0
Number of asset objects unloaded after import = 29
========================================================================
Received Import Request.
  Time since last request: 0.000016 seconds.
  path: Assets/Backrooms/BackroomsLikeAsset/prefab/Tiles/Tiles_T+Side_01_A.prefab
  artifactKey: Guid(8987c7922ad446a4eb756a2dd778614a) Importer(815301076,1909f56bfc062723c751e8b465ee728b)
Start importing Assets/Backrooms/BackroomsLikeAsset/prefab/Tiles/Tiles_T+Side_01_A.prefab using Guid(8987c7922ad446a4eb756a2dd778614a) Importer(815301076,1909f56bfc062723c751e8b465ee728b)  -> (artifact id: '950932e34d496a41ede618900f86c511') in 0.016427 seconds
Number of updated asset objects reloaded before import = 0
Number of asset objects unloaded after import = 25
========================================================================
Received Import Request.
  Time since last request: 0.000019 seconds.
  path: Assets/Backrooms/BackroomsLikeAsset/prefab/Tiles/Tiles_T+Side_03_A.prefab
  artifactKey: Guid(400b2c3cf6bdda142b2f54b5bd3e4f9e) Importer(815301076,1909f56bfc062723c751e8b465ee728b)
Start importing Assets/Backrooms/BackroomsLikeAsset/prefab/Tiles/Tiles_T+Side_03_A.prefab using Guid(400b2c3cf6bdda142b2f54b5bd3e4f9e) Importer(815301076,1909f56bfc062723c751e8b465ee728b)  -> (artifact id: '26d0a82572ece0608e6d11c01d192a17') in 0.019289 seconds
Number of updated asset objects reloaded before import = 0
Number of asset objects unloaded after import = 25
========================================================================
Received Import Request.
  Time since last request: 0.000016 seconds.
  path: Assets/Backrooms/BackroomsLikeAsset/prefab/Tiles/Tiles_BasicCorner_04_D.prefab
  artifactKey: Guid(ce5c2495d79282f4ea399688b5225860) Importer(815301076,1909f56bfc062723c751e8b465ee728b)
Start importing Assets/Backrooms/BackroomsLikeAsset/prefab/Tiles/Tiles_BasicCorner_04_D.prefab using Guid(ce5c2495d79282f4ea399688b5225860) Importer(815301076,1909f56bfc062723c751e8b465ee728b)  -> (artifact id: '422fd318b7eb57aac0247878adad926c') in 0.016759 seconds
Number of updated asset objects reloaded before import = 0
Number of asset objects unloaded after import = 25
========================================================================
Received Import Request.
  Time since last request: 0.000041 seconds.
  path: Assets/Backrooms/BackroomsLikeAsset/prefab/Tiles/Tiles_BasicSide_01_B.prefab
  artifactKey: Guid(d8dacebeb29609c4db6ba7425113a1ec) Importer(815301076,1909f56bfc062723c751e8b465ee728b)
Start importing Assets/Backrooms/BackroomsLikeAsset/prefab/Tiles/Tiles_BasicSide_01_B.prefab using Guid(d8dacebeb29609c4db6ba7425113a1ec) Importer(815301076,1909f56bfc062723c751e8b465ee728b)  -> (artifact id: '468c86da642f559e7104e0262bb8d5fa') in 0.019562 seconds
Number of updated asset objects reloaded before import = 0
Number of asset objects unloaded after import = 25
========================================================================
Received Import Request.
  Time since last request: 0.763903 seconds.
  path: Assets/Backrooms/BackroomsLikeAsset/prefab/Tiles/Tiles_TCorner_01_C.prefab
  artifactKey: Guid(535b88a1d42b9c140bb4afe3ee965ae0) Importer(815301076,1909f56bfc062723c751e8b465ee728b)
Start importing Assets/Backrooms/BackroomsLikeAsset/prefab/Tiles/Tiles_TCorner_01_C.prefab using Guid(535b88a1d42b9c140bb4afe3ee965ae0) Importer(815301076,1909f56bfc062723c751e8b465ee728b)  -> (artifact id: '6e4efdb10602c1fb473eb23ce6ad3155') in 0.018574 seconds
Number of updated asset objects reloaded before import = 0
Number of asset objects unloaded after import = 25
========================================================================
Received Import Request.
  Time since last request: 0.000017 seconds.
  path: Assets/Backrooms/BackroomsLikeAsset/prefab/Tiles/Tiles_TCorner_04_A.prefab
  artifactKey: Guid(6ee634e2590933e47bcc961877b7427b) Importer(815301076,1909f56bfc062723c751e8b465ee728b)
Start importing Assets/Backrooms/BackroomsLikeAsset/prefab/Tiles/Tiles_TCorner_04_A.prefab using Guid(6ee634e2590933e47bcc961877b7427b) Importer(815301076,1909f56bfc062723c751e8b465ee728b)  -> (artifact id: 'c4abcdcbf7203449526d37810a50a962') in 0.031906 seconds
Number of updated asset objects reloaded before import = 0
Number of asset objects unloaded after import = 25
========================================================================
Received Import Request.
  Time since last request: 0.000019 seconds.
  path: Assets/Backrooms/BackroomsLikeAsset/prefab/Tiles/Tiles_THalls_01_D.prefab
  artifactKey: Guid(7eb7d757dc5da184d80827139b713253) Importer(815301076,1909f56bfc062723c751e8b465ee728b)
Start importing Assets/Backrooms/BackroomsLikeAsset/prefab/Tiles/Tiles_THalls_01_D.prefab using Guid(7eb7d757dc5da184d80827139b713253) Importer(815301076,1909f56bfc062723c751e8b465ee728b)  -> (artifact id: 'a5051b30b20d238fa10b87568e2c7865') in 0.015142 seconds
Number of updated asset objects reloaded before import = 0
Number of asset objects unloaded after import = 25
========================================================================
Received Import Request.
  Time since last request: 0.000012 seconds.
  path: Assets/Backrooms/BackroomsLikeAsset/prefab/Tiles/Tiles_THalls_01_B.prefab
  artifactKey: Guid(f2adef08342e1434ba6ed2a2dcdb0443) Importer(815301076,1909f56bfc062723c751e8b465ee728b)
Start importing Assets/Backrooms/BackroomsLikeAsset/prefab/Tiles/Tiles_THalls_01_B.prefab using Guid(f2adef08342e1434ba6ed2a2dcdb0443) Importer(815301076,1909f56bfc062723c751e8b465ee728b)  -> (artifact id: 'd4a7140fbd7c879864cc58c58e9f2762') in 0.014620 seconds
Number of updated asset objects reloaded before import = 0
Number of asset objects unloaded after import = 25
========================================================================
Received Import Request.
  Time since last request: 0.000023 seconds.
  path: Assets/Backrooms/BackroomsLikeAsset/prefab/Tiles/Tiles_TCornerSide_01_B.prefab
  artifactKey: Guid(01397bc78ecdcd14ebd2d7e0250adfc0) Importer(815301076,1909f56bfc062723c751e8b465ee728b)
Start importing Assets/Backrooms/BackroomsLikeAsset/prefab/Tiles/Tiles_TCornerSide_01_B.prefab using Guid(01397bc78ecdcd14ebd2d7e0250adfc0) Importer(815301076,1909f56bfc062723c751e8b465ee728b)  -> (artifact id: '2fdeb33bb09281c384d6086ce45b4351') in 0.028951 seconds
Number of updated asset objects reloaded before import = 0
Number of asset objects unloaded after import = 25
Editor requested this worker to shutdown with reason: Scaling down because of idle timeout
TcpMessagingSession - receive error: operation aborted. errorcode: 995, details: The I/O operation has been aborted because of either a thread exit or an application request.
AssetImportWorker is now disconnected from the server
Process exiting
Exiting without the bug reporter. Application will terminate with return code 0