Using pre-set license
Built from '2022.3/staging' branch; Version is '2022.3.11f1 (d00248457e15) revision 13632072'; Using compiler version '192829333'; Build Type 'Release'
OS: 'Windows 11  (10.0.22621) 64bit Professional' Language: 'en' Physical Memory: 64672 MB
BatchMode: 1, IsHumanControllingUs: 0, StartBugReporterOnCrash: 0, Is64bit: 1, IsPro: 1

COMMAND LINE ARGUMENTS:
D:\2022.3.11f1\Editor\Unity.exe
-adb2
-batchMode
-noUpm
-name
AssetImportWorker6
-projectPath
E:/Unity Projects/Game-Jam-2024/Game Jam 2024
-logFile
Logs/AssetImportWorker6.log
-srvPort
59550
Successfully changed project path to: E:/Unity Projects/Game-Jam-2024/Game Jam 2024
E:/Unity Projects/Game-Jam-2024/Game Jam 2024
[UnityMemory] Configuration Parameters - Can be set up in boot.config
    "memorysetup-bucket-allocator-granularity=16"
    "memorysetup-bucket-allocator-bucket-count=8"
    "memorysetup-bucket-allocator-block-size=33554432"
    "memorysetup-bucket-allocator-block-count=8"
    "memorysetup-main-allocator-block-size=16777216"
    "memorysetup-thread-allocator-block-size=16777216"
    "memorysetup-gfx-main-allocator-block-size=16777216"
    "memorysetup-gfx-thread-allocator-block-size=16777216"
    "memorysetup-cache-allocator-block-size=4194304"
    "memorysetup-typetree-allocator-block-size=2097152"
    "memorysetup-profiler-bucket-allocator-granularity=16"
    "memorysetup-profiler-bucket-allocator-bucket-count=8"
    "memorysetup-profiler-bucket-allocator-block-size=33554432"
    "memorysetup-profiler-bucket-allocator-block-count=8"
    "memorysetup-profiler-allocator-block-size=16777216"
    "memorysetup-profiler-editor-allocator-block-size=1048576"
    "memorysetup-temp-allocator-size-main=16777216"
    "memorysetup-job-temp-allocator-block-size=2097152"
    "memorysetup-job-temp-allocator-block-size-background=1048576"
    "memorysetup-job-temp-allocator-reduction-small-platforms=262144"
    "memorysetup-allocator-temp-initial-block-size-main=262144"
    "memorysetup-allocator-temp-initial-block-size-worker=262144"
    "memorysetup-temp-allocator-size-background-worker=32768"
    "memorysetup-temp-allocator-size-job-worker=262144"
    "memorysetup-temp-allocator-size-preload-manager=33554432"
    "memorysetup-temp-allocator-size-nav-mesh-worker=65536"
    "memorysetup-temp-allocator-size-audio-worker=65536"
    "memorysetup-temp-allocator-size-cloud-worker=32768"
    "memorysetup-temp-allocator-size-gi-baking-worker=262144"
    "memorysetup-temp-allocator-size-gfx=262144"
Player connection [38452] Host "[IP] 192.168.2.29 [Port] 0 [Flags] 2 [Guid] 353421054 [EditorId] 353421054 [Version] 1048832 [Id] WindowsEditor(7,DeansPC) [Debug] 1 [PackageName] WindowsEditor [ProjectName] Editor" joined multi-casting on [225.0.0.222:54997]...

Player connection [38452] Host "[IP] 192.168.2.29 [Port] 0 [Flags] 2 [Guid] 353421054 [EditorId] 353421054 [Version] 1048832 [Id] WindowsEditor(7,DeansPC) [Debug] 1 [PackageName] WindowsEditor [ProjectName] Editor" joined alternative multi-casting on [225.0.0.222:34997]...

[Physics::Module] Initialized MultithreadedJobDispatcher with 31 workers.
Refreshing native plugins compatible for Editor in 5.62 ms, found 3 plugins.
Preloading 0 native plugins for Editor in 0.00 ms.
Initialize engine version: 2022.3.11f1 (d00248457e15)
[Subsystems] Discovering subsystems at path D:/2022.3.11f1/Editor/Data/Resources/UnitySubsystems
[Subsystems] Discovering subsystems at path E:/Unity Projects/Game-Jam-2024/Game Jam 2024/Assets
GfxDevice: creating device client; threaded=0; jobified=0
Direct3D:
    Version:  Direct3D 11.0 [level 11.1]
    Renderer: AMD Radeon RX 7900 XTX (ID=0x744c)
    Vendor:   ATI
    VRAM:     24515 MB
    Driver:   31.0.21029.6002
Initialize mono
Mono path[0] = 'D:/2022.3.11f1/Editor/Data/Managed'
Mono path[1] = 'D:/2022.3.11f1/Editor/Data/MonoBleedingEdge/lib/mono/unityjit-win32'
Mono config path = 'D:/2022.3.11f1/Editor/Data/MonoBleedingEdge/etc'
Using monoOptions --debugger-agent=transport=dt_socket,embedding=1,server=y,suspend=n,address=127.0.0.1:56196
Begin MonoManager ReloadAssembly
Registering precompiled unity dll's ...
Register platform support module: D:/2022.3.11f1/Editor/Data/PlaybackEngines/WindowsStandaloneSupport/UnityEditor.WindowsStandalone.Extensions.dll
Registered in 0.002303 seconds.
- Loaded All Assemblies, in  0.220 seconds
Native extension for WindowsStandalone target not found
Mono: successfully reloaded assembly
- Finished resetting the current domain, in  0.171 seconds
Domain Reload Profiling: 391ms
	BeginReloadAssembly (88ms)
		ExecutionOrderSort (0ms)
		DisableScriptedObjects (0ms)
		BackupInstance (0ms)
		ReleaseScriptingObjects (0ms)
		CreateAndSetChildDomain (0ms)
	RebuildCommonClasses (19ms)
	RebuildNativeTypeToScriptingClass (6ms)
	initialDomainReloadingComplete (28ms)
	LoadAllAssembliesAndSetupDomain (78ms)
		LoadAssemblies (88ms)
		RebuildTransferFunctionScriptingTraits (0ms)
		AnalyzeDomain (77ms)
			TypeCache.Refresh (76ms)
				TypeCache.ScanAssembly (68ms)
			ScanForSourceGeneratedMonoScriptInfo (0ms)
			ResolveRequiredComponents (0ms)
	FinalizeReload (171ms)
		ReleaseScriptCaches (0ms)
		RebuildScriptCaches (0ms)
		SetupLoadedEditorAssemblies (132ms)
			LogAssemblyErrors (0ms)
			InitializePlatformSupportModulesInManaged (5ms)
			SetLoadedEditorAssemblies (5ms)
			RefreshPlugins (0ms)
			BeforeProcessingInitializeOnLoad (1ms)
			ProcessInitializeOnLoadAttributes (86ms)
			ProcessInitializeOnLoadMethodAttributes (34ms)
			AfterProcessingInitializeOnLoad (0ms)
			EditorAssembliesLoaded (0ms)
		ExecutionOrderSort2 (0ms)
		AwakeInstancesAfterBackupRestoration (0ms)
========================================================================
Worker process is ready to serve import requests
Begin MonoManager ReloadAssembly
- Loaded All Assemblies, in  0.374 seconds
Refreshing native plugins compatible for Editor in 1.25 ms, found 3 plugins.
Native extension for WindowsStandalone target not found
Package Manager log level set to [2]
[Package Manager] Server::EnsureServerProcessIsRunning -- launch failed, reason: Unity was launched with the -noUpm command-line argument
[Package Manager] UpmClient::Send -- Unable to send message (not connected to UPM process).
[Package Manager] Cannot connect to Unity Package Manager local server
Mono: successfully reloaded assembly
- Finished resetting the current domain, in  0.302 seconds
Domain Reload Profiling: 676ms
	BeginReloadAssembly (99ms)
		ExecutionOrderSort (0ms)
		DisableScriptedObjects (3ms)
		BackupInstance (0ms)
		ReleaseScriptingObjects (0ms)
		CreateAndSetChildDomain (15ms)
	RebuildCommonClasses (19ms)
	RebuildNativeTypeToScriptingClass (6ms)
	initialDomainReloadingComplete (20ms)
	LoadAllAssembliesAndSetupDomain (229ms)
		LoadAssemblies (187ms)
		RebuildTransferFunctionScriptingTraits (0ms)
		AnalyzeDomain (102ms)
			TypeCache.Refresh (91ms)
				TypeCache.ScanAssembly (82ms)
			ScanForSourceGeneratedMonoScriptInfo (8ms)
			ResolveRequiredComponents (2ms)
	FinalizeReload (303ms)
		ReleaseScriptCaches (0ms)
		RebuildScriptCaches (0ms)
		SetupLoadedEditorAssemblies (222ms)
			LogAssemblyErrors (0ms)
			InitializePlatformSupportModulesInManaged (2ms)
			SetLoadedEditorAssemblies (3ms)
			RefreshPlugins (0ms)
			BeforeProcessingInitializeOnLoad (30ms)
			ProcessInitializeOnLoadAttributes (173ms)
			ProcessInitializeOnLoadMethodAttributes (12ms)
			AfterProcessingInitializeOnLoad (1ms)
			EditorAssembliesLoaded (0ms)
		ExecutionOrderSort2 (0ms)
		AwakeInstancesAfterBackupRestoration (4ms)
Launched and connected shader compiler UnityShaderCompiler.exe after 0.03 seconds
Refreshing native plugins compatible for Editor in 1.28 ms, found 3 plugins.
Preloading 0 native plugins for Editor in 0.00 ms.
Unloading 3102 Unused Serialized files (Serialized files now loaded: 0)
Unloading 34 unused Assets / (57.0 KB). Loaded Objects now: 3580.
Memory consumption went from 131.7 MB to 131.7 MB.
Total: 2.858800 ms (FindLiveObjects: 0.256900 ms CreateObjectMapping: 0.040600 ms MarkObjects: 2.412300 ms  DeleteObjects: 0.148500 ms)

AssetImportParameters requested are different than current active one (requested -> active):
  custom:container-demuxer-ogg: 62fdf1f143b41e24485cea50d1cbac27 -> 
  custom:video-codec-MediaFoundation-h265: 746d11721c4dcdbdad8f713fa42b33f4 -> 
  custom:video-decoder-ogg-theora: a1e56fd34408186e4bbccfd4996cb3dc -> 
  custom:framework-win-MediaFoundation: 216162199b28c13a410421893ffa2e32 -> 
  custom:CustomObjectIndexerAttribute: 756ad292c208cfabdd7b50bc23989ffe -> 
  custom:container-demuxer-webm: 4f35f7cbe854078d1ac9338744f61a02 -> 
  custom:container-muxer-webm: aa71ff27fc2769a1b78a27578f13a17b -> 
  custom:video-decoder-webm-vp8: 9c59270c3fd7afecdb556c50c9e8de78 -> 
  custom:SearchIndexIgnoredProperties: e643bd26f0fe6173181afceb89e7c659 -> 
  custom:AudioImporter_EditorPlatform: d09bf68614088b80899f8185d706f6e7 -> 
  custom:video-encoder-webm-vp8: eb34c28f22e8b96e1ab97ce403110664 -> 
  custom:audio-decoder-ogg-vorbis: bf7c407c2cedff20999df2af8eb42d56 -> 
  custom:audio-encoder-webm-vorbis: bf7c407c2cedff20999df2af8eb42d56 -> 
========================================================================
Received Import Request.
  Time since last request: 116102.636041 seconds.
  path: Assets/Backrooms/BackroomsLikeAsset/material/Wall_Painted_Mat.mat
  artifactKey: Guid(6b9632d6457e07a41aa3698301c9e91c) Importer(815301076,1909f56bfc062723c751e8b465ee728b)
Start importing Assets/Backrooms/BackroomsLikeAsset/material/Wall_Painted_Mat.mat using Guid(6b9632d6457e07a41aa3698301c9e91c) Importer(815301076,1909f56bfc062723c751e8b465ee728b)  -> (artifact id: 'da13b662f37257ede087831acec3ce4b') in 0.063565 seconds
Number of updated asset objects reloaded before import = 0
Number of asset objects unloaded after import = 4
========================================================================
Received Import Request.
  Time since last request: 9.233503 seconds.
  path: Assets/Backrooms/BackroomsLikeAsset/prefab/Tiles/Tiles_+Corner_02_A.prefab
  artifactKey: Guid(a05bff2b52dba4f419cf0c69b4cab89c) Importer(815301076,1909f56bfc062723c751e8b465ee728b)
Start importing Assets/Backrooms/BackroomsLikeAsset/prefab/Tiles/Tiles_+Corner_02_A.prefab using Guid(a05bff2b52dba4f419cf0c69b4cab89c) Importer(815301076,1909f56bfc062723c751e8b465ee728b)  -> (artifact id: 'ced367aa959c04cb695b0411b5c910d3') in 0.037172 seconds
Number of updated asset objects reloaded before import = 0
Number of asset objects unloaded after import = 25
========================================================================
Received Import Request.
  Time since last request: 0.000010 seconds.
  path: Assets/Backrooms/BackroomsLikeAsset/prefab/Tiles/Tiles_T+_01_B.prefab
  artifactKey: Guid(3288a1ac654cb6546be4494dcabaff22) Importer(815301076,1909f56bfc062723c751e8b465ee728b)
Start importing Assets/Backrooms/BackroomsLikeAsset/prefab/Tiles/Tiles_T+_01_B.prefab using Guid(3288a1ac654cb6546be4494dcabaff22) Importer(815301076,1909f56bfc062723c751e8b465ee728b)  -> (artifact id: '8660f66ca3d10f195ad650853005fc2c') in 0.015702 seconds
Number of updated asset objects reloaded before import = 0
Number of asset objects unloaded after import = 25
========================================================================
Received Import Request.
  Time since last request: 0.000016 seconds.
  path: Assets/Backrooms/BackroomsLikeAsset/prefab/Tiles/Tiles_T+Side_02_B.prefab
  artifactKey: Guid(87abc30a0c5edd44ea7212f6ddd2f6f6) Importer(815301076,1909f56bfc062723c751e8b465ee728b)
Start importing Assets/Backrooms/BackroomsLikeAsset/prefab/Tiles/Tiles_T+Side_02_B.prefab using Guid(87abc30a0c5edd44ea7212f6ddd2f6f6) Importer(815301076,1909f56bfc062723c751e8b465ee728b)  -> (artifact id: '0466393968f33d786e49c686003b9916') in 0.020372 seconds
Number of updated asset objects reloaded before import = 0
Number of asset objects unloaded after import = 25
========================================================================
Received Import Request.
  Time since last request: 0.000020 seconds.
  path: Assets/Backrooms/BackroomsLikeAsset/prefab/Tiles/Tiles_+Room_HoleFloor_01_D.prefab
  artifactKey: Guid(33005c8ebd3d7f64f956ced36698037e) Importer(815301076,1909f56bfc062723c751e8b465ee728b)
Start importing Assets/Backrooms/BackroomsLikeAsset/prefab/Tiles/Tiles_+Room_HoleFloor_01_D.prefab using Guid(33005c8ebd3d7f64f956ced36698037e) Importer(815301076,1909f56bfc062723c751e8b465ee728b)  -> (artifact id: '7bf11d984e65186ef20e941e9f5d0587') in 0.024694 seconds
Number of updated asset objects reloaded before import = 0
Number of asset objects unloaded after import = 29
========================================================================
Received Import Request.
  Time since last request: 0.000012 seconds.
  path: Assets/Backrooms/BackroomsLikeAsset/prefab/Tiles/Tiles_BasicSide_01_A.prefab
  artifactKey: Guid(bbe2bb717665bb44c9b2e69de520c6c3) Importer(815301076,1909f56bfc062723c751e8b465ee728b)
Start importing Assets/Backrooms/BackroomsLikeAsset/prefab/Tiles/Tiles_BasicSide_01_A.prefab using Guid(bbe2bb717665bb44c9b2e69de520c6c3) Importer(815301076,1909f56bfc062723c751e8b465ee728b)  -> (artifact id: 'b0399e1836f63dc3814e715ea484af6f') in 0.016922 seconds
Number of updated asset objects reloaded before import = 0
Number of asset objects unloaded after import = 25
========================================================================
Received Import Request.
  Time since last request: 0.000013 seconds.
  path: Assets/Backrooms/BackroomsLikeAsset/prefab/Tiles/Tiles_+Room_HoleFloor_01_C.prefab
  artifactKey: Guid(bfef5f314d21d394eaa76e1bf803f661) Importer(815301076,1909f56bfc062723c751e8b465ee728b)
Start importing Assets/Backrooms/BackroomsLikeAsset/prefab/Tiles/Tiles_+Room_HoleFloor_01_C.prefab using Guid(bfef5f314d21d394eaa76e1bf803f661) Importer(815301076,1909f56bfc062723c751e8b465ee728b)  -> (artifact id: 'e8c9f2888160289d2a4a173358fc9a14') in 0.019151 seconds
Number of updated asset objects reloaded before import = 0
Number of asset objects unloaded after import = 29
========================================================================
Received Import Request.
  Time since last request: 0.000030 seconds.
  path: Assets/Backrooms/BackroomsLikeAsset/prefab/Tiles/Tiles_+Cross.prefab
  artifactKey: Guid(d6b76243756e705469385a118f8504cd) Importer(815301076,1909f56bfc062723c751e8b465ee728b)
Start importing Assets/Backrooms/BackroomsLikeAsset/prefab/Tiles/Tiles_+Cross.prefab using Guid(d6b76243756e705469385a118f8504cd) Importer(815301076,1909f56bfc062723c751e8b465ee728b)  -> (artifact id: '75b8dad5a9c2464efa884b1ad7a54f81') in 0.027290 seconds
Number of updated asset objects reloaded before import = 0
Number of asset objects unloaded after import = 25
========================================================================
Received Import Request.
  Time since last request: 0.000024 seconds.
  path: Assets/Backrooms/BackroomsLikeAsset/prefab/Tiles/Tiles_T+Side_04_B.prefab
  artifactKey: Guid(352dfc7a8ee176f41af5340bff5c91aa) Importer(815301076,1909f56bfc062723c751e8b465ee728b)
Start importing Assets/Backrooms/BackroomsLikeAsset/prefab/Tiles/Tiles_T+Side_04_B.prefab using Guid(352dfc7a8ee176f41af5340bff5c91aa) Importer(815301076,1909f56bfc062723c751e8b465ee728b)  -> (artifact id: '77e6ba4d7cebcfe7fe0f3c14a3c44d8e') in 0.020474 seconds
Number of updated asset objects reloaded before import = 0
Number of asset objects unloaded after import = 25
========================================================================
Received Import Request.
  Time since last request: 0.000024 seconds.
  path: Assets/Backrooms/BackroomsLikeAsset/prefab/Tiles/Tiles_TCorner_01_A.prefab
  artifactKey: Guid(26b9061cfeca8ba48aaf4663af18fe38) Importer(815301076,1909f56bfc062723c751e8b465ee728b)
Start importing Assets/Backrooms/BackroomsLikeAsset/prefab/Tiles/Tiles_TCorner_01_A.prefab using Guid(26b9061cfeca8ba48aaf4663af18fe38) Importer(815301076,1909f56bfc062723c751e8b465ee728b)  -> (artifact id: 'b083bf616d95c27a7a4a08657d9c707e') in 0.017801 seconds
Number of updated asset objects reloaded before import = 0
Number of asset objects unloaded after import = 25
========================================================================
Received Import Request.
  Time since last request: 0.000048 seconds.
  path: Assets/Backrooms/BackroomsLikeAsset/prefab/Tiles/Tiles_BasicSide_02_C.prefab
  artifactKey: Guid(af7fcc40c6c21014581f6c5b714a0442) Importer(815301076,1909f56bfc062723c751e8b465ee728b)
Start importing Assets/Backrooms/BackroomsLikeAsset/prefab/Tiles/Tiles_BasicSide_02_C.prefab using Guid(af7fcc40c6c21014581f6c5b714a0442) Importer(815301076,1909f56bfc062723c751e8b465ee728b)  -> (artifact id: '17583efbe3506103686159dfdfe1f71e') in 0.019889 seconds
Number of updated asset objects reloaded before import = 0
Number of asset objects unloaded after import = 25
========================================================================
Received Import Request.
  Time since last request: 0.000018 seconds.
  path: Assets/Backrooms/BackroomsLikeAsset/prefab/Tiles/Tiles_+Room_Hole_01_D.prefab
  artifactKey: Guid(4d8c5d24354bfdc4a8ecf4ab65bf100c) Importer(815301076,1909f56bfc062723c751e8b465ee728b)
Start importing Assets/Backrooms/BackroomsLikeAsset/prefab/Tiles/Tiles_+Room_Hole_01_D.prefab using Guid(4d8c5d24354bfdc4a8ecf4ab65bf100c) Importer(815301076,1909f56bfc062723c751e8b465ee728b)  -> (artifact id: '35a370050a08716a96b15ae4ab85d540') in 0.016081 seconds
Number of updated asset objects reloaded before import = 0
Number of asset objects unloaded after import = 29
========================================================================
Received Import Request.
  Time since last request: 0.000023 seconds.
  path: Assets/Backrooms/BackroomsLikeAsset/prefab/Tiles/Tiles_BasicCorner_03_D.prefab
  artifactKey: Guid(6a0650220554f0640bd88b0954081fe7) Importer(815301076,1909f56bfc062723c751e8b465ee728b)
Start importing Assets/Backrooms/BackroomsLikeAsset/prefab/Tiles/Tiles_BasicCorner_03_D.prefab using Guid(6a0650220554f0640bd88b0954081fe7) Importer(815301076,1909f56bfc062723c751e8b465ee728b)  -> (artifact id: 'ec82c29cf5210a042d77f0810620073e') in 0.017034 seconds
Number of updated asset objects reloaded before import = 0
Number of asset objects unloaded after import = 25
========================================================================
Received Import Request.
  Time since last request: 0.000014 seconds.
  path: Assets/Backrooms/BackroomsLikeAsset/prefab/Tiles/Tiles_+Side_01_D.prefab
  artifactKey: Guid(8804a719b3c745c4cbc2fd672d92ac5d) Importer(815301076,1909f56bfc062723c751e8b465ee728b)
Start importing Assets/Backrooms/BackroomsLikeAsset/prefab/Tiles/Tiles_+Side_01_D.prefab using Guid(8804a719b3c745c4cbc2fd672d92ac5d) Importer(815301076,1909f56bfc062723c751e8b465ee728b)  -> (artifact id: '1b15cfe747f4dc4de040fe8a04ea95c3') in 0.018509 seconds
Number of updated asset objects reloaded before import = 0
Number of asset objects unloaded after import = 25
========================================================================
Received Import Request.
  Time since last request: 0.000037 seconds.
  path: Assets/Backrooms/BackroomsLikeAsset/prefab/Tiles/Tiles_+RoomEnd_01_C.prefab
  artifactKey: Guid(1228a40030a80924ab62008a3ce79ebd) Importer(815301076,1909f56bfc062723c751e8b465ee728b)
Start importing Assets/Backrooms/BackroomsLikeAsset/prefab/Tiles/Tiles_+RoomEnd_01_C.prefab using Guid(1228a40030a80924ab62008a3ce79ebd) Importer(815301076,1909f56bfc062723c751e8b465ee728b)  -> (artifact id: 'a94bea127d318bb57c69659d981ea214') in 0.021355 seconds
Number of updated asset objects reloaded before import = 0
Number of asset objects unloaded after import = 25
========================================================================
Received Import Request.
  Time since last request: 0.759437 seconds.
  path: Assets/Backrooms/BackroomsLikeAsset/prefab/Tiles/Tiles_TCorner_02_B.prefab
  artifactKey: Guid(6d2e035317b8f9b4b8b8b7ea78ae3bd5) Importer(815301076,1909f56bfc062723c751e8b465ee728b)
Start importing Assets/Backrooms/BackroomsLikeAsset/prefab/Tiles/Tiles_TCorner_02_B.prefab using Guid(6d2e035317b8f9b4b8b8b7ea78ae3bd5) Importer(815301076,1909f56bfc062723c751e8b465ee728b)  -> (artifact id: 'd13a4316180f752ee1466f6c9a3e913b') in 0.028534 seconds
Number of updated asset objects reloaded before import = 0
Number of asset objects unloaded after import = 25
========================================================================
Received Import Request.
  Time since last request: 0.000031 seconds.
  path: Assets/Backrooms/BackroomsLikeAsset/prefab/Tiles/Tiles_TCornerSide_03_A.prefab
  artifactKey: Guid(6eac5e499885d2d44b119cffc6045d8a) Importer(815301076,1909f56bfc062723c751e8b465ee728b)
Start importing Assets/Backrooms/BackroomsLikeAsset/prefab/Tiles/Tiles_TCornerSide_03_A.prefab using Guid(6eac5e499885d2d44b119cffc6045d8a) Importer(815301076,1909f56bfc062723c751e8b465ee728b)  -> (artifact id: 'bb313928aedca274a2fa4bd11ba3492a') in 0.026272 seconds
Number of updated asset objects reloaded before import = 0
Number of asset objects unloaded after import = 25
========================================================================
Received Import Request.
  Time since last request: 0.000013 seconds.
  path: Assets/Backrooms/BackroomsLikeAsset/prefab/Tiles/Tiles_TStairs_01_C.prefab
  artifactKey: Guid(3744b63ea12210a4cbfcf7a00b457f84) Importer(815301076,1909f56bfc062723c751e8b465ee728b)
Start importing Assets/Backrooms/BackroomsLikeAsset/prefab/Tiles/Tiles_TStairs_01_C.prefab using Guid(3744b63ea12210a4cbfcf7a00b457f84) Importer(815301076,1909f56bfc062723c751e8b465ee728b)  -> (artifact id: 'b51efe42ba15f48d9d56d2ae31951587') in 0.030358 seconds
Number of updated asset objects reloaded before import = 0
Number of asset objects unloaded after import = 25
========================================================================
Received Import Request.
  Time since last request: 0.000034 seconds.
  path: Assets/Backrooms/BackroomsLikeAsset/prefab/Tiles/Tiles_THalls_01_A.prefab
  artifactKey: Guid(ea58b9671313da545804f92dd81265ed) Importer(815301076,1909f56bfc062723c751e8b465ee728b)
Start importing Assets/Backrooms/BackroomsLikeAsset/prefab/Tiles/Tiles_THalls_01_A.prefab using Guid(ea58b9671313da545804f92dd81265ed) Importer(815301076,1909f56bfc062723c751e8b465ee728b)  -> (artifact id: '6faa53c401f71e2c5635ed288f133eeb') in 0.014282 seconds
Number of updated asset objects reloaded before import = 0
Number of asset objects unloaded after import = 25
Editor requested this worker to shutdown with reason: Scaling down because of idle timeout
TcpMessagingSession - receive error: operation aborted. errorcode: 995, details: The I/O operation has been aborted because of either a thread exit or an application request.
AssetImportWorker is now disconnected from the server
Process exiting
Exiting without the bug reporter. Application will terminate with return code 0